=== COMMAND: find .workflow -type f | wc -l; echo '---TOP FILES---'; find .workflow -maxdepth 3 -type d | sort; echo '---DS_Store/pyc---'; find . -name '.DS_Store' -o -name '*.pyc' 2>/dev/null ===
=== TIMESTAMP: 2026-04-19T04:22:57Z ===
=== WORKDIR: /tmp/harness-regression-final-20260419-122147 ===
=== BEGIN OUTPUT ===
      69
---TOP FILES---
.workflow
.workflow/constraints
.workflow/context
.workflow/context/checklists
.workflow/context/experience
.workflow/context/experience/regression
.workflow/context/experience/risk
.workflow/context/experience/roles
.workflow/context/experience/stage
.workflow/context/experience/tool
.workflow/context/project
.workflow/context/roles
.workflow/context/roles/directors
.workflow/context/team
.workflow/evaluation
.workflow/flow
.workflow/flow/requirements
.workflow/state
.workflow/state/experience
.workflow/state/requirements
.workflow/state/sessions
.workflow/tools
.workflow/tools/catalog
.workflow/tools/index
---DS_Store/pyc---
=== END OUTPUT ===
=== EXIT CODE: 0 ===
