=== COMMAND: ls artifacts/main/requirements/; echo '---'; ls .workflow/state/requirements/; echo '--- yaml ---'; cat .workflow/state/requirements/*.yaml 2>/dev/null; echo '--- meta.yaml ---'; cat artifacts/main/requirements/renamed-req/meta.yaml 2>/dev/null ===
=== TIMESTAMP: 2026-04-19T04:24:45Z ===
=== WORKDIR: /tmp/harness-regression-final-20260419-122147 ===
=== BEGIN OUTPUT ===
renamed-req
---
req-01-test regression req.yaml
--- yaml ---
id: "req-01"
title: "test regression req"
stage: "requirement_review"
status: "active"
created_at: "2026-04-19"
started_at: "2026-04-19"
completed_at: ""
stage_timestamps: {}
description: ""
--- meta.yaml ---
=== END OUTPUT ===
=== EXIT CODE: 1 ===
