=== COMMAND: harness enter (while already in harness mode would... let's see state first) ===
=== TIME: 2026-04-19 10:52:30 ===
=== CWD: /tmp/harness-regression-20260419-104820 ===
=== STDOUT+STDERR ===
current_requirement: bugfix-1
stage: regression
conversation_mode: open
locked_requirement: (none)
locked_stage: (none)
current_regression: (none)
active_requirements: req-25, req-01, bugfix-1
--- second enter ---
Entered harness mode.

【提示】当前需求 req-01 暂无会话记录。
current_requirement: req-01
stage: regression
conversation_mode: harness
locked_requirement: (none)
locked_stage: (none)
current_regression: (none)
active_requirements: req-25, req-01, bugfix-1
requirement_title: test-regression-req
requirement_status: active
requirement_stage: requirement_review
=== EXIT_CODE: 0 ===
